#
# There is insufficient memory for the Java Runtime Environment to continue.
# Native memory allocation (mmap) failed to map 65011712 bytes for Failed to commit area from 0x00000000c2a00000 to 0x00000000c6800000 of length 65011712.
# Possible reasons:
#   The system is out of physical RAM or swap space
#   The process is running with CompressedOops enabled, and the Java Heap may be blocking the growth of the native heap
# Possible solutions:
#   Reduce memory load on the system
#   Increase physical memory or swap space
#   Check if swap backing store is full
#   Decrease Java heap size (-Xmx/-Xms)
#   Decrease number of Java threads
#   Decrease Java thread stack sizes (-Xss)
#   Set larger code cache with -XX:ReservedCodeCacheSize=
# This output file may be truncated or incomplete.
#
#  Out of Memory Error (src/hotspot/os/windows/os_windows.cpp:3627), pid=18468, tid=15572
#
# JRE version:  (11.0.15) (build )
# Java VM: OpenJDK 64-Bit Server VM (11.0.15+0-b2043.56-9505619, mixed mode, sharing, tiered, compressed oops, g1 gc, windows-amd64)
# No core dump will be written. Minidumps are not enabled by default on client versions of Windows
#

---------------  S U M M A R Y ------------

Command Line: org.jetbrains.kotlin.cli.jvm.K2JVMCompiler @C:\Users\14124675_HP\AndroidStudioProjects\ptlfbase\app\build\20230321_15300818974404588865.compiler.options

Host: Intel(R) Core(TM) i5-10500 CPU @ 3.10GHz, 12 cores, 3G,  Windows 11 , 64 bit Build 22621 (10.0.22621.1344)
Time: Tue Mar 21 08:00:55 2023 SE Asia Standard Time elapsed time: 0.073755 seconds (0d 0h 0m 0s)

---------------  T H R E A D  ---------------

Current thread (0x000001ef5594f000):  JavaThread "Unknown thread" [_thread_in_vm, id=15572, stack(0x000000e500d00000,0x000000e500e00000)]

Stack: [0x000000e500d00000,0x000000e500e00000]
Native frames: (J=compiled Java code, j=interpreted, Vv=VM code, C=native code)
V  [jvm.dll+0x64135a]
V  [jvm.dll+0x7d39f9]
V  [jvm.dll+0x7d51b9]
V  [jvm.dll+0x7d58a3]
V  [jvm.dll+0x2691c5]
V  [jvm.dll+0x63e4e9]
V  [jvm.dll+0x632985]
V  [jvm.dll+0x3231ac]
V  [jvm.dll+0x323032]
V  [jvm.dll+0x327c06]
V  [jvm.dll+0x36ffa2]
V  [jvm.dll+0x36fa01]
V  [jvm.dll+0x2fea28]
V  [jvm.dll+0x2ffb25]
V  [jvm.dll+0x7accd7]
V  [jvm.dll+0x7ae49f]
V  [jvm.dll+0x37d299]
V  [jvm.dll+0x78ef9f]
V  [jvm.dll+0x3ec847]
V  [jvm.dll+0x3eed31]
C  [jli.dll+0x52cb]
C  [ucrtbase.dll+0x29363]
C  [KERNEL32.DLL+0x126bd]
C  [ntdll.dll+0x5a9f8]


---------------  P R O C E S S  ---------------

Threads class SMR info:
_java_thread_list=0x000001ef537eae90, length=0, elements={
}

Java Threads: ( => current thread )

Other Threads:
  0x000001ef55968000 GCTaskThread "GC Thread#0" [stack: 0x000000e500e00000,0x000000e500f00000] [id=2172]
  0x000001ef55983800 ConcurrentGCThread "G1 Main Marker" [stack: 0x000000e500f00000,0x000000e501000000] [id=22940]
  0x000001ef55985800 ConcurrentGCThread "G1 Conc#0" [stack: 0x000000e501000000,0x000000e501100000] [id=29828]

[error occurred during error reporting (printing all threads), id 0xc0000005, EXCEPTION_ACCESS_VIOLATION (0xc0000005) at pc=0x00007ffd8502f3e7]

VM state:not at safepoint (not fully initialized)

VM Mutex/Monitor currently owned by a thread:  ([mutex/lock_event])
[0x000001ef5594c660] Heap_lock - owner thread: 0x000001ef5594f000

Heap address: 0x00000000c2a00000, size: 982 MB, Compressed Oops mode: Non-zero based: 0x00000000c2a00000
Narrow klass base: 0x0000000000000000, Narrow klass shift: 0

GC Heap History (0 events):
No events

Deoptimization events (0 events):
No events

Classes redefined (0 events):
No events

Internal exceptions (0 events):
No events

Events (1 events):
Event: 0.037 Loaded shared library C:\Program Files\Android\Android Studio\jbr\bin\zip.dll


Dynamic libraries:
0x00007ff7c1600000 - 0x00007ff7c160a000 	C:\Program Files\Android\Android Studio\jbr\bin\java.exe
0x00007ffdf1c50000 - 0x00007ffdf1e64000 	C:\WINDOWS\SYSTEM32\ntdll.dll
0x00007ffdf0c00000 - 0x00007ffdf0cc3000 	C:\WINDOWS\System32\KERNEL32.DLL
0x00007ffdef650000 - 0x00007ffdef9ec000 	C:\WINDOWS\System32\KERNELBASE.dll
0x00007ffdef200000 - 0x00007ffdef311000 	C:\WINDOWS\System32\ucrtbase.dll
0x00007ffdc7030000 - 0x00007ffdc704b000 	C:\Program Files\Android\Android Studio\jbr\bin\VCRUNTIME140.dll
0x00007ffdc7010000 - 0x00007ffdc7027000 	C:\Program Files\Android\Android Studio\jbr\bin\jli.dll
0x00007ffdf07d0000 - 0x00007ffdf097d000 	C:\WINDOWS\System32\USER32.dll
0x00007ffdd52d0000 - 0x00007ffdd555e000 	C:\WINDOWS\WinSxS\amd64_microsoft.windows.common-controls_6595b64144ccf1df_6.0.22621.608_none_a9444ca7c10bb01d\COMCTL32.dll
0x00007ffdef560000 - 0x00007ffdef586000 	C:\WINDOWS\System32\win32u.dll
0x00007ffdf05c0000 - 0x00007ffdf05e9000 	C:\WINDOWS\System32\GDI32.dll
0x00007ffdf1b60000 - 0x00007ffdf1c07000 	C:\WINDOWS\System32\msvcrt.dll
0x00007ffdef320000 - 0x00007ffdef433000 	C:\WINDOWS\System32\gdi32full.dll
0x00007ffdef440000 - 0x00007ffdef4da000 	C:\WINDOWS\System32\msvcp_win.dll
0x00007ffdefb10000 - 0x00007ffdefb41000 	C:\WINDOWS\System32\IMM32.DLL
0x00007ffdc98f0000 - 0x00007ffdc98fc000 	C:\Program Files\Android\Android Studio\jbr\bin\vcruntime140_1.dll
0x00007ffda7400000 - 0x00007ffda748d000 	C:\Program Files\Android\Android Studio\jbr\bin\msvcp140.dll
0x00007ffd84d20000 - 0x00007ffd858dc000 	C:\Program Files\Android\Android Studio\jbr\bin\server\jvm.dll
0x00007ffdefa60000 - 0x00007ffdefb0e000 	C:\WINDOWS\System32\ADVAPI32.dll
0x00007ffdf0fd0000 - 0x00007ffdf1074000 	C:\WINDOWS\System32\sechost.dll
0x00007ffdf00f0000 - 0x00007ffdf0205000 	C:\WINDOWS\System32\RPCRT4.dll
0x00007ffdf0220000 - 0x00007ffdf0228000 	C:\WINDOWS\System32\PSAPI.DLL
0x00007ffdd4f10000 - 0x00007ffdd4f44000 	C:\WINDOWS\SYSTEM32\WINMM.dll
0x00007ffde9670000 - 0x00007ffde967a000 	C:\WINDOWS\SYSTEM32\VERSION.dll
0x00007ffdcd510000 - 0x00007ffdcd519000 	C:\WINDOWS\SYSTEM32\WSOCK32.dll
0x00007ffdf0640000 - 0x00007ffdf06b1000 	C:\WINDOWS\System32\WS2_32.dll
0x00007ffdee0a0000 - 0x00007ffdee0b8000 	C:\WINDOWS\SYSTEM32\kernel.appcore.dll
0x00007ffddae00000 - 0x00007ffddae10000 	C:\Program Files\Android\Android Studio\jbr\bin\verify.dll
0x00007ffdccb20000 - 0x00007ffdccd4e000 	C:\WINDOWS\SYSTEM32\DBGHELP.DLL
0x00007ffdf0230000 - 0x00007ffdf05b9000 	C:\WINDOWS\System32\combase.dll
0x00007ffdf1190000 - 0x00007ffdf1267000 	C:\WINDOWS\System32\OLEAUT32.dll
0x00007ffddaab0000 - 0x00007ffddaae2000 	C:\WINDOWS\SYSTEM32\dbgcore.DLL
0x00007ffdef4e0000 - 0x00007ffdef55b000 	C:\WINDOWS\System32\bcryptPrimitives.dll
0x00007ffdcd6a0000 - 0x00007ffdcd6c8000 	C:\Program Files\Android\Android Studio\jbr\bin\java.dll
0x00007ffddadd0000 - 0x00007ffddadda000 	C:\Program Files\Android\Android Studio\jbr\bin\jimage.dll
0x00007ffdd2720000 - 0x00007ffdd2738000 	C:\Program Files\Android\Android Studio\jbr\bin\zip.dll

dbghelp: loaded successfully - version: 4.0.5 - missing functions: none
symbol engine: initialized successfully - sym options: 0x614 - pdb path: .;C:\Program Files\Android\Android Studio\jbr\bin;C:\WINDOWS\SYSTEM32;C:\WINDOWS\WinSxS\amd64_microsoft.windows.common-controls_6595b64144ccf1df_6.0.22621.608_none_a9444ca7c10bb01d;C:\Program Files\Android\Android Studio\jbr\bin\server

VM Arguments:
java_command: org.jetbrains.kotlin.cli.jvm.K2JVMCompiler @C:\Users\14124675_HP\AndroidStudioProjects\ptlfbase\app\build\20230321_15300818974404588865.compiler.options
java_class_path (initial): C:\Users\14124675_HP\.gradle\caches\modules-2\files-2.1\org.jetbrains.kotlin\kotlin-compiler-embeddable\1.8.0\eb9118d4bcceaa2a94b2ae2a33a4ddba7c9a947f\kotlin-compiler-embeddable-1.8.0.jar;C:\Users\14124675_HP\.gradle\caches\modules-2\files-2.1\org.jetbrains.kotlin\kotlin-stdlib\1.8.0\1796921c7a3e2e2665a83e6c8d33399336cd39bc\kotlin-stdlib-1.8.0.jar;C:\Users\14124675_HP\.gradle\caches\modules-2\files-2.1\org.jetbrains.kotlin\kotlin-script-runtime\1.8.0\b2f7e760d283cb339974851c222a4c1d48f2d3d\kotlin-script-runtime-1.8.0.jar;C:\Users\14124675_HP\.gradle\caches\modules-2\files-2.1\org.jetbrains.kotlin\kotlin-reflect\1.6.10\1cbe9c92c12a94eea200d23c2bbaedaf3daf5132\kotlin-reflect-1.6.10.jar;C:\Users\14124675_HP\.gradle\caches\modules-2\files-2.1\org.jetbrains.kotlin\kotlin-daemon-embeddable\1.8.0\d255216c551685dc3a7e852b53617f5f01aaaa5c\kotlin-daemon-embeddable-1.8.0.jar;C:\Users\14124675_HP\.gradle\caches\modules-2\files-2.1\org.jetbrains.intellij.deps\trove4j\1.0.20200330\3afb14d5f9ceb459d724e907a21145e8ff394f02\trove4j-1.0.20200330.jar;C:\Users\14124675_HP\.gradle\caches\modules-2\files-2.1\net.java.dev.jna\jna\5.6.0\330f2244e9030119ab3030fc3fededc86713d9cc\jna-5.6.0.jar;C:\Users\14124675_HP\.gradle\caches\modules-2\files-2.1\org.jetbrains.kotlin\kotlin-stdlib-common\1.8.0\f7197e7cc76453ac59f8b0f8d5137cc600becd36\kotlin-stdlib-common-1.8.0.jar;C:\Users\14124675_HP\.gradle\caches\modules-2\files-2.1\org.jetbrains\annotations\13.0\919f0dfe192fb4e063e7dacadee7f8bb9a2672a9\annotations-13.0.jar
Launcher Type: SUN_STANDARD

[Global flags]
     intx CICompilerCount                          = 4                                         {product} {ergonomic}
     uint ConcGCThreads                            = 3                                         {product} {ergonomic}
     uint G1ConcRefinementThreads                  = 10                                        {product} {ergonomic}
   size_t G1HeapRegionSize                         = 1048576                                   {product} {ergonomic}
    uintx GCDrainStackTargetSize                   = 64                                        {product} {ergonomic}
   size_t InitialHeapSize                          = 65011712                                  {product} {ergonomic}
   size_t MarkStackSize                            = 4194304                                   {product} {ergonomic}
   size_t MaxHeapSize                              = 1029701632                                {product} {ergonomic}
   size_t MinHeapDeltaBytes                        = 1048576                                   {product} {ergonomic}
    uintx NonNMethodCodeHeapSize                   = 5836300                                {pd product} {ergonomic}
    uintx NonProfiledCodeHeapSize                  = 122910970                              {pd product} {ergonomic}
    uintx ProfiledCodeHeapSize                     = 122910970                              {pd product} {ergonomic}
    uintx ReservedCodeCacheSize                    = 251658240                              {pd product} {ergonomic}
     bool SegmentedCodeCache                       = true                                      {product} {ergonomic}
     bool UseCompressedClassPointers               = true                                 {lp64_product} {ergonomic}
     bool UseCompressedOops                        = true                                 {lp64_product} {ergonomic}
     bool UseG1GC                                  = true                                      {product} {ergonomic}
     bool UseLargePagesIndividualAllocation        = false                                  {pd product} {ergonomic}

Logging:
Log output configuration:
 #0: stdout all=warning uptime,level,tags
 #1: stderr all=off uptime,level,tags

Environment Variables:
PATH=D:\oracle\ora90\bin;c:\oracle\ora90\bin;C:\Python311\Scripts\;C:\Python311\;C:\Program Files (x86)\Common Files\Oracle\Java\javapath;C:\WINDOWS\system32;C:\WINDOWS;C:\WINDOWS\System32\Wbem;C:\WINDOWS\System32\WindowsPowerShell\v1.0\;C:\WINDOWS\System32\OpenSSH\;C:\Program Files\Git\cmd;C:\Program Files\PuTTY\;C:\ProgramData\chocolatey\bin;C:\Program Files\nodejs\;C:\oracle\instantclient_21_7\;c:\oracle\ora90\jdk\bin;d:\ORANT\BIN;D:\oracle\ora90\jdk\bin;C:\Program Files (x86)\Microsoft SQL Server\100\Tools\Binn\;C:\Program Files (x86)\Microsoft SQL Server\100\DTS\Binn\;C:\Program Files (x86)\Microsoft SQL Server\100\Tools\Binn\VSShell\Common7\IDE\;C:\xampp\php;C:\ProgramData\ComposerSetup\bin;C:\Users\14124675_HP\AppData\Local\Microsoft\WindowsApps;C:\Users\14124675_HP\AppData\Local\Programs\Microsoft VS Code\bin;C:\Users\14124675_HP\AppData\Roaming\npm;C:\oracle\instantclient_21_7\;C:\Users\14124675_HP\AppData\Roaming\Composer\vendor\bin
USERNAME=14124675_HP
OS=Windows_NT
PROCESSOR_IDENTIFIER=Intel64 Family 6 Model 165 Stepping 3, GenuineIntel



---------------  S Y S T E M  ---------------

OS: Windows 11 , 64 bit Build 22621 (10.0.22621.1344)
OS uptime: 5 days 15:11 hours
Hyper-V role detected

CPU:total 12 (initial active 12) (6 cores per cpu, 2 threads per core) family 6 model 165 stepping 3 microcode 0xf0, cmov, cx8, fxsr, mmx, sse, sse2, sse3, ssse3, sse4.1, sse4.2, popcnt, avx, avx2, aes, clmul, erms, 3dnowpref, lzcnt, ht, tsc, tscinvbit, bmi1, bmi2, adx, fma

Memory: 4k page, system-wide physical 3921M (3M free)
TotalPageFile size 15697M (AvailPageFile size 14M)
current process WorkingSet (physical memory assigned to process): 10M, peak: 10M
current process commit charge ("private bytes"): 63M, peak: 125M

vm_info: OpenJDK 64-Bit Server VM (11.0.15+0-b2043.56-9505619) for windows-amd64 JRE (11.0.15+0-b2043.56-9505619), built on Jan 19 2023 02:48:00 by "builduser" with unknown MS VC++:1929

END.
